2026-02-24 14:48:13,982 - INFO - https://google.com UP | 1392.89 ms
2026-02-24 14:48:14,252 - INFO - https://github.com UP | 269.95 ms
2026-02-24 14:48:14,253 - INFO - CPU usage normal: 5.6%
2026-02-24 14:48:14,253 - INFO - RAM usage normal: 33.2%
2026-02-24 15:09:56,118 - INFO - https://github.com UP | 67.56 ms
2026-02-24 15:09:57,389 - INFO - https://google.com UP | 1339.07 ms
2026-02-24 15:09:57,395 - INFO - CPU usage normal: 0.0%
2026-02-24 15:09:57,395 - INFO - RAM usage normal: 39.4%
2026-02-24 15:10:23,346 - INFO - https://github.com UP | 58.29 ms
2026-02-24 15:10:24,241 - INFO - https://google.com UP | 954.12 ms
2026-02-24 15:10:24,247 - INFO - CPU usage normal: 0.0%
2026-02-24 15:10:24,247 - INFO - RAM usage normal: 44.7%
2026-02-24 15:21:33,537 - INFO - CPU usage normal: 16.7%
2026-02-24 15:21:33,537 - INFO - RAM usage normal: 47.4%
2026-02-24 15:21:38,912 - INFO - CPU usage normal: 0.0%
2026-02-24 15:21:38,912 - INFO - RAM usage normal: 48.1%
2026-02-24 15:21:43,913 - INFO - CPU usage normal: 0.0%
2026-02-24 15:21:43,913 - INFO - RAM usage normal: 47.8%
2026-02-24 15:21:49,006 - INFO - CPU usage normal: 0.0%
2026-02-24 15:21:49,006 - INFO - RAM usage normal: 47.5%
2026-02-24 15:21:54,018 - INFO - CPU usage normal: 0.0%
2026-02-24 15:21:54,018 - INFO - RAM usage normal: 47.5%
2026-02-24 15:21:59,370 - INFO - CPU usage normal: 0.0%
2026-02-24 15:21:59,370 - INFO - RAM usage normal: 47.7%
2026-02-24 15:22:05,397 - INFO - CPU usage normal: 0.0%
2026-02-24 15:22:05,397 - INFO - RAM usage normal: 46.5%
2026-02-24 15:22:10,607 - INFO - CPU usage normal: 0.0%
2026-02-24 15:22:10,607 - INFO - RAM usage normal: 46.7%
2026-02-24 15:22:15,714 - INFO - CPU usage normal: 0.0%
2026-02-24 15:22:15,714 - INFO - RAM usage normal: 46.6%
2026-02-24 15:22:20,738 - INFO - CPU usage normal: 0.0%
2026-02-24 15:22:20,738 - INFO - RAM usage normal: 46.5%
2026-02-24 15:22:25,748 - INFO - CPU usage normal: 0.0%
2026-02-24 15:22:25,748 - INFO - RAM usage normal: 46.4%
2026-02-24 15:22:30,967 - INFO - CPU usage normal: 0.0%
2026-02-24 15:22:30,967 - INFO - RAM usage normal: 46.4%
2026-02-24 15:22:35,977 - INFO - CPU usage normal: 0.0%
2026-02-24 15:22:35,977 - INFO - RAM usage normal: 46.4%
2026-02-24 15:22:41,219 - INFO - CPU usage normal: 0.0%
2026-02-24 15:22:41,219 - INFO - RAM usage normal: 46.3%
2026-02-24 15:22:46,681 - INFO - CPU usage normal: 0.0%
2026-02-24 15:22:46,681 - INFO - RAM usage normal: 46.4%
2026-02-24 15:22:51,991 - INFO - CPU usage normal: 0.0%
2026-02-24 15:22:51,991 - INFO - RAM usage normal: 46.2%
2026-02-24 15:22:57,200 - INFO - CPU usage normal: 27.3%
2026-02-24 15:22:57,200 - INFO - RAM usage normal: 46.4%
2026-02-24 15:23:02,388 - INFO - CPU usage normal: 0.0%
2026-02-24 15:23:02,388 - INFO - RAM usage normal: 46.5%
2026-02-24 15:23:07,577 - INFO - CPU usage normal: 0.0%
2026-02-24 15:23:07,577 - INFO - RAM usage normal: 46.5%
2026-02-24 15:23:12,694 - INFO - CPU usage normal: 0.0%
2026-02-24 15:23:12,695 - INFO - RAM usage normal: 46.7%
2026-02-24 15:23:17,702 - INFO - CPU usage normal: 0.0%
2026-02-24 15:23:17,702 - INFO - RAM usage normal: 46.7%
2026-02-24 15:23:22,864 - INFO - CPU usage normal: 0.0%
2026-02-24 15:23:22,864 - INFO - RAM usage normal: 46.5%
2026-02-24 15:23:27,961 - INFO - CPU usage normal: 0.0%
2026-02-24 15:23:27,961 - INFO - RAM usage normal: 46.7%
2026-02-24 15:23:33,147 - INFO - CPU usage normal: 0.0%
2026-02-24 15:23:33,147 - INFO - RAM usage normal: 46.3%
2026-02-24 15:23:38,355 - INFO - CPU usage normal: 0.0%
2026-02-24 15:23:38,355 - INFO - RAM usage normal: 46.3%
2026-02-24 15:23:43,453 - INFO - CPU usage normal: 5.7%
2026-02-24 15:23:43,453 - INFO - RAM usage normal: 46.3%
2026-02-24 15:23:48,577 - INFO - CPU usage normal: 0.0%
2026-02-24 15:23:48,577 - INFO - RAM usage normal: 46.3%
2026-02-24 15:23:53,586 - INFO - CPU usage normal: 0.0%
2026-02-24 15:23:53,586 - INFO - RAM usage normal: 46.2%
2026-02-24 15:23:58,621 - INFO - CPU usage normal: 0.0%
2026-02-24 15:23:58,621 - INFO - RAM usage normal: 46.2%
2026-02-24 15:24:03,780 - INFO - CPU usage normal: 0.0%
2026-02-24 15:24:03,780 - INFO - RAM usage normal: 46.2%
2026-02-24 15:24:08,872 - INFO - CPU usage normal: 50.0%
2026-02-24 15:24:08,872 - INFO - RAM usage normal: 46.2%
2026-02-24 15:24:13,879 - INFO - CPU usage normal: 0.0%
2026-02-24 15:24:13,880 - INFO - RAM usage normal: 46.2%
2026-02-24 15:24:18,974 - INFO - CPU usage normal: 0.0%
2026-02-24 15:24:18,974 - INFO - RAM usage normal: 46.2%
2026-02-24 15:24:23,968 - INFO - CPU usage normal: 0.0%
2026-02-24 15:24:23,968 - INFO - RAM usage normal: 46.4%
2026-02-24 15:24:29,164 - INFO - CPU usage normal: 0.0%
2026-02-24 15:24:29,164 - INFO - RAM usage normal: 46.5%
2026-02-24 15:24:34,178 - INFO - CPU usage normal: 0.0%
2026-02-24 15:24:34,178 - INFO - RAM usage normal: 46.8%
2026-02-24 15:24:37,499 - INFO - CPU usage normal: 0.0%
2026-02-24 15:24:37,499 - INFO - RAM usage normal: 46.4%
2026-02-24 15:24:38,596 - INFO - https://httpbin.org/get UP | 1016.58 ms
2026-02-24 15:24:38,601 - INFO - CPU usage normal: 0.0%
2026-02-24 15:24:38,601 - INFO - RAM usage normal: 46.3%
2026-02-24 15:24:39,142 - INFO - https://httpbin.org/get UP | 936.49 ms
2026-02-24 15:24:39,147 - INFO - CPU usage normal: 0.0%
2026-02-24 15:24:39,148 - INFO - RAM usage normal: 46.3%
2026-02-24 15:24:44,274 - INFO - https://httpbin.org/get UP | 1007.93 ms
2026-02-24 15:24:44,279 - INFO - CPU usage normal: 0.0%
2026-02-24 15:24:44,279 - INFO - RAM usage normal: 46.4%
2026-02-24 15:24:50,806 - INFO - https://httpbin.org/get UP | 1447.01 ms
2026-02-24 15:24:50,810 - INFO - CPU usage normal: 0.0%
2026-02-24 15:24:50,810 - INFO - RAM usage normal: 46.8%
2026-02-24 15:24:56,840 - INFO - https://httpbin.org/get UP | 2016.89 ms
2026-02-24 15:24:56,845 - INFO - CPU usage normal: 0.0%
2026-02-24 15:24:56,845 - INFO - RAM usage normal: 47.1%
2026-02-24 15:25:00,870 - INFO - https://httpbin.org/get UP | 989.94 ms
2026-02-24 15:25:00,875 - INFO - CPU usage normal: 0.0%
2026-02-24 15:25:00,875 - INFO - RAM usage normal: 47.7%
2026-02-24 15:25:06,342 - INFO - https://httpbin.org/get UP | 1184.88 ms
2026-02-24 15:25:06,348 - INFO - CPU usage normal: 0.0%
2026-02-24 15:25:06,348 - INFO - RAM usage normal: 47.9%
2026-02-24 15:25:10,143 - INFO - https://httpbin.org/get UP | 960.79 ms
2026-02-24 15:25:10,148 - INFO - CPU usage normal: 0.0%
2026-02-24 15:25:10,148 - INFO - RAM usage normal: 47.1%
2026-02-24 15:25:15,204 - INFO - https://httpbin.org/get UP | 1032.18 ms
2026-02-24 15:25:15,214 - INFO - CPU usage normal: 0.0%
2026-02-24 15:25:15,214 - INFO - RAM usage normal: 47.0%
2026-02-24 15:25:21,540 - INFO - https://httpbin.org/get UP | 1032.98 ms
2026-02-24 15:25:21,544 - INFO - CPU usage normal: 0.0%
2026-02-24 15:25:21,544 - INFO - RAM usage normal: 47.0%
2026-02-24 15:25:26,533 - INFO - https://httpbin.org/get UP | 995.35 ms
2026-02-24 15:25:26,537 - INFO - CPU usage normal: 0.0%
2026-02-24 15:25:26,537 - INFO - RAM usage normal: 47.0%
2026-02-24 15:25:31,603 - INFO - https://httpbin.org/get UP | 964.04 ms
2026-02-24 15:25:31,608 - INFO - CPU usage normal: 0.0%
2026-02-24 15:25:31,608 - INFO - RAM usage normal: 47.0%
2026-02-24 15:25:36,933 - INFO - https://httpbin.org/get UP | 1233.37 ms
2026-02-24 15:25:36,937 - INFO - CPU usage normal: 0.0%
2026-02-24 15:25:36,937 - INFO - RAM usage normal: 46.7%
2026-02-24 15:25:41,932 - INFO - https://httpbin.org/get UP | 1220.52 ms
2026-02-24 15:25:41,937 - INFO - CPU usage normal: 0.0%
2026-02-24 15:25:41,937 - INFO - RAM usage normal: 46.6%
2026-02-24 15:25:46,879 - INFO - https://httpbin.org/get UP | 1089.22 ms
2026-02-24 15:25:46,889 - INFO - CPU usage normal: 0.0%
2026-02-24 15:25:46,889 - INFO - RAM usage normal: 46.6%
2026-02-24 15:25:51,906 - INFO - https://httpbin.org/get UP | 995.09 ms
2026-02-24 15:25:51,911 - INFO - CPU usage normal: 0.0%
2026-02-24 15:25:51,911 - INFO - RAM usage normal: 46.7%
2026-02-24 15:25:57,046 - INFO - https://httpbin.org/get UP | 1128.75 ms
2026-02-24 15:25:57,050 - INFO - CPU usage normal: 0.0%
2026-02-24 15:25:57,051 - INFO - RAM usage normal: 46.7%
2026-02-24 15:26:01,936 - INFO - https://httpbin.org/get UP | 1010.91 ms
2026-02-24 15:26:01,940 - INFO - CPU usage normal: 0.0%
2026-02-24 15:26:01,940 - INFO - RAM usage normal: 46.7%
2026-02-24 15:26:05,501 - INFO - https://api.github.com UP | 61.93 ms
2026-02-24 15:26:06,126 - INFO - https://httpbin.org/get UP | 1319.93 ms
2026-02-24 15:26:06,131 - INFO - CPU usage normal: 0.0%
2026-02-24 15:26:06,131 - INFO - RAM usage normal: 46.8%
2026-02-24 15:26:06,372 - INFO - https://httpbin.org/get UP | 1008.58 ms
2026-02-24 15:26:06,377 - INFO - CPU usage normal: 0.0%
2026-02-24 15:26:06,377 - INFO - RAM usage normal: 46.8%
2026-02-24 15:26:06,408 - INFO - https://httpbin.org/get UP | 968.78 ms
2026-02-24 15:26:06,413 - INFO - CPU usage normal: 0.0%
2026-02-24 15:26:06,413 - INFO - RAM usage normal: 46.8%
2026-02-24 15:26:09,845 - INFO - https://api.github.com UP | 28.36 ms
2026-02-24 15:26:10,889 - INFO - https://httpbin.org/get UP | 1073.06 ms
2026-02-24 15:26:10,895 - INFO - CPU usage normal: 0.0%
2026-02-24 15:26:10,895 - INFO - RAM usage normal: 46.7%
2026-02-24 15:26:16,586 - INFO - https://api.github.com UP | 63.44 ms
2026-02-24 15:26:17,488 - INFO - https://httpbin.org/get UP | 965.86 ms
2026-02-24 15:26:17,493 - INFO - CPU usage normal: 0.0%
2026-02-24 15:26:17,494 - INFO - RAM usage normal: 46.7%
2026-02-24 15:26:21,480 - INFO - https://api.github.com UP | 60.36 ms
2026-02-24 15:26:22,453 - INFO - https://httpbin.org/get UP | 1034.32 ms
2026-02-24 15:26:22,459 - INFO - CPU usage normal: 0.0%
2026-02-24 15:26:22,459 - INFO - RAM usage normal: 46.7%
2026-02-24 15:26:26,712 - INFO - https://api.github.com UP | 59.41 ms
2026-02-24 15:26:27,677 - INFO - https://httpbin.org/get UP | 1025.07 ms
2026-02-24 15:26:27,683 - INFO - CPU usage normal: 0.0%
2026-02-24 15:26:27,683 - INFO - RAM usage normal: 46.7%
2026-02-24 15:26:31,744 - INFO - https://api.github.com UP | 56.23 ms
2026-02-24 15:26:32,678 - INFO - https://httpbin.org/get UP | 990.3 ms
2026-02-24 15:26:32,684 - INFO - CPU usage normal: 0.0%
2026-02-24 15:26:32,684 - INFO - RAM usage normal: 46.7%
2026-02-24 15:26:36,815 - INFO - https://api.github.com UP | 60.06 ms
2026-02-24 15:26:37,982 - INFO - https://httpbin.org/get UP | 1226.59 ms
2026-02-24 15:26:37,987 - INFO - CPU usage normal: 6.4%
2026-02-24 15:26:37,987 - INFO - RAM usage normal: 46.8%
2026-02-24 15:26:41,357 - INFO - https://api.github.com UP | 61.21 ms
2026-02-24 15:26:42,558 - INFO - https://httpbin.org/get UP | 1263.51 ms
2026-02-24 15:26:42,564 - INFO - CPU usage normal: 0.0%
2026-02-24 15:26:42,564 - INFO - RAM usage normal: 46.6%
2026-02-24 15:26:47,381 - INFO - https://api.github.com UP | 75.94 ms
2026-02-24 15:26:48,535 - INFO - https://httpbin.org/get UP | 1230.77 ms
2026-02-24 15:26:48,540 - INFO - CPU usage normal: 7.1%
2026-02-24 15:26:48,541 - INFO - RAM usage normal: 46.6%
2026-02-24 15:26:52,427 - INFO - https://api.github.com UP | 61.91 ms
2026-02-24 15:26:53,425 - INFO - https://httpbin.org/get UP | 1060.52 ms
2026-02-24 15:26:53,430 - INFO - CPU usage normal: 0.0%
2026-02-24 15:26:53,430 - INFO - RAM usage normal: 46.6%
2026-02-24 15:26:57,528 - INFO - https://api.github.com UP | 71.69 ms
2026-02-24 15:26:58,500 - INFO - https://httpbin.org/get UP | 1043.6 ms
2026-02-24 15:26:58,506 - INFO - CPU usage normal: 0.0%
2026-02-24 15:26:58,506 - INFO - RAM usage normal: 46.7%
2026-02-24 15:27:02,633 - INFO - https://api.github.com UP | 70.64 ms
2026-02-24 15:27:03,606 - INFO - https://httpbin.org/get UP | 1044.09 ms
2026-02-24 15:27:03,612 - INFO - CPU usage normal: 0.0%
2026-02-24 15:27:03,612 - INFO - RAM usage normal: 47.1%
2026-02-24 15:27:07,625 - INFO - https://api.github.com UP | 54.51 ms
2026-02-24 15:27:08,552 - INFO - https://httpbin.org/get UP | 981.82 ms
2026-02-24 15:27:08,558 - INFO - CPU usage normal: 0.0%
2026-02-24 15:27:08,558 - INFO - RAM usage normal: 47.1%
2026-02-24 15:27:12,642 - INFO - https://api.github.com UP | 61.65 ms
2026-02-24 15:27:14,400 - INFO - https://httpbin.org/get UP | 1819.52 ms
2026-02-24 15:27:14,405 - INFO - CPU usage normal: 0.0%
2026-02-24 15:27:14,405 - INFO - RAM usage normal: 46.8%
2026-02-24 15:27:17,646 - INFO - https://api.github.com UP | 55.14 ms
2026-02-24 15:27:18,584 - INFO - https://httpbin.org/get UP | 993.92 ms
2026-02-24 15:27:18,590 - INFO - CPU usage normal: 0.0%
2026-02-24 15:27:18,590 - INFO - RAM usage normal: 47.1%
2026-02-24 15:27:22,650 - INFO - https://api.github.com UP | 57.19 ms
2026-02-24 15:27:23,649 - INFO - https://httpbin.org/get UP | 1055.76 ms
2026-02-24 15:27:23,654 - INFO - CPU usage normal: 0.0%
2026-02-24 15:27:23,655 - INFO - RAM usage normal: 46.8%
2026-02-24 15:27:26,645 - INFO - https://api.github.com UP | 30.96 ms
2026-02-24 15:27:27,593 - INFO - https://httpbin.org/get UP | 979.23 ms
2026-02-24 15:27:27,599 - INFO - CPU usage normal: 0.0%
2026-02-24 15:27:27,599 - INFO - RAM usage normal: 47.2%
2026-02-24 15:27:32,797 - INFO - https://api.github.com UP | 57.23 ms
2026-02-24 15:27:33,781 - INFO - https://httpbin.org/get UP | 1041.57 ms
2026-02-24 15:27:33,787 - INFO - CPU usage normal: 0.0%
2026-02-24 15:27:33,787 - INFO - RAM usage normal: 47.9%
2026-02-24 15:27:36,771 - INFO - https://api.github.com UP | 32.54 ms
2026-02-24 15:27:38,283 - INFO - https://httpbin.org/get UP | 1544.62 ms
2026-02-24 15:27:38,289 - INFO - CPU usage normal: 0.0%
2026-02-24 15:27:38,289 - INFO - RAM usage normal: 46.4%
2026-02-24 15:27:41,847 - INFO - https://api.github.com UP | 61.13 ms
2026-02-24 15:27:43,501 - INFO - https://httpbin.org/get UP | 1715.95 ms
2026-02-24 15:27:43,507 - INFO - CPU usage normal: 0.0%
2026-02-24 15:27:43,507 - INFO - RAM usage normal: 46.4%
2026-02-24 15:27:46,859 - INFO - https://api.github.com UP | 62.48 ms
2026-02-24 15:27:48,236 - INFO - https://httpbin.org/get UP | 1440.1 ms
2026-02-24 15:27:48,242 - INFO - CPU usage normal: 0.0%
2026-02-24 15:27:48,242 - INFO - RAM usage normal: 46.3%
2026-02-24 15:27:51,876 - INFO - https://api.github.com UP | 63.5 ms
2026-02-24 15:27:52,792 - INFO - https://httpbin.org/get UP | 980.48 ms
2026-02-24 15:27:52,798 - INFO - CPU usage normal: 0.0%
2026-02-24 15:27:52,798 - INFO - RAM usage normal: 46.3%
2026-02-24 15:27:56,884 - INFO - https://api.github.com UP | 59.52 ms
2026-02-24 15:27:57,841 - INFO - https://httpbin.org/get UP | 1017.13 ms
2026-02-24 15:27:57,847 - INFO - CPU usage normal: 0.0%
2026-02-24 15:27:57,847 - INFO - RAM usage normal: 46.3%
2026-02-24 15:28:01,917 - INFO - https://api.github.com UP | 60.35 ms
2026-02-24 15:28:02,823 - INFO - https://httpbin.org/get UP | 967.31 ms
2026-02-24 15:28:02,829 - INFO - CPU usage normal: 8.8%
2026-02-24 15:28:02,829 - INFO - RAM usage normal: 46.4%
2026-02-24 15:28:08,157 - INFO - https://api.github.com UP | 281.92 ms
2026-02-24 15:28:09,305 - INFO - https://httpbin.org/get UP | 1430.77 ms
2026-02-24 15:28:09,311 - INFO - CPU usage normal: 0.0%
2026-02-24 15:28:09,311 - INFO - RAM usage normal: 47.0%
2026-02-24 15:28:13,019 - INFO - https://api.github.com UP | 59.62 ms
2026-02-24 15:28:13,981 - INFO - https://httpbin.org/get UP | 1021.35 ms
2026-02-24 15:28:13,987 - INFO - CPU usage normal: 0.0%
2026-02-24 15:28:13,987 - INFO - RAM usage normal: 47.0%
2026-02-24 15:28:18,170 - INFO - https://api.github.com UP | 71.54 ms
2026-02-24 15:28:19,666 - INFO - https://httpbin.org/get UP | 1567.58 ms
2026-02-24 15:28:19,671 - INFO - CPU usage normal: 0.0%
2026-02-24 15:28:19,671 - INFO - RAM usage normal: 47.0%
2026-02-24 15:28:23,347 - INFO - https://api.github.com UP | 63.08 ms
2026-02-24 15:28:24,165 - INFO - https://httpbin.org/get UP | 881.43 ms
2026-02-24 15:28:24,170 - INFO - CPU usage normal: 0.0%
2026-02-24 15:28:24,170 - INFO - RAM usage normal: 47.2%
2026-02-24 15:28:28,240 - INFO - https://api.github.com UP | 52.14 ms
2026-02-24 15:28:29,004 - INFO - https://httpbin.org/get UP | 816.59 ms
2026-02-24 15:28:29,010 - INFO - CPU usage normal: 0.0%
2026-02-24 15:28:29,010 - INFO - RAM usage normal: 47.8%
2026-02-24 15:28:33,341 - INFO - https://api.github.com UP | 54.18 ms
2026-02-24 15:28:34,351 - INFO - https://httpbin.org/get UP | 1064.85 ms
2026-02-24 15:28:34,358 - INFO - CPU usage normal: 0.0%
2026-02-24 15:28:34,358 - INFO - RAM usage normal: 47.6%
2026-02-24 15:28:38,495 - INFO - https://api.github.com UP | 65.18 ms
2026-02-24 15:28:39,227 - INFO - https://httpbin.org/get UP | 797.78 ms
2026-02-24 15:28:39,233 - INFO - CPU usage normal: 0.0%
2026-02-24 15:28:39,233 - INFO - RAM usage normal: 47.3%
2026-02-24 15:28:43,511 - INFO - https://api.github.com UP | 59.4 ms
2026-02-24 15:28:45,007 - INFO - https://httpbin.org/get UP | 1555.41 ms
2026-02-24 15:28:45,013 - INFO - CPU usage normal: 0.0%
2026-02-24 15:28:45,013 - INFO - RAM usage normal: 46.7%
2026-02-24 15:28:49,300 - INFO - https://httpbin.org/get UP | 863.06 ms
2026-02-24 15:28:49,507 - INFO - https://api.github.com UP | 1069.79 ms
2026-02-24 15:28:49,513 - INFO - CPU usage normal: 0.0%
2026-02-24 15:28:49,513 - INFO - RAM usage normal: 46.8%
2026-02-24 15:28:53,596 - INFO - https://api.github.com UP | 57.09 ms
2026-02-24 15:28:54,533 - INFO - https://httpbin.org/get UP | 994.4 ms
2026-02-24 15:28:54,542 - INFO - CPU usage normal: 0.0%
2026-02-24 15:28:54,542 - INFO - RAM usage normal: 46.8%
2026-02-24 15:28:58,686 - INFO - https://api.github.com UP | 54.89 ms
2026-02-24 15:28:59,566 - INFO - https://httpbin.org/get UP | 934.25 ms
2026-02-24 15:28:59,571 - INFO - CPU usage normal: 0.0%
2026-02-24 15:28:59,571 - INFO - RAM usage normal: 46.8%
2026-02-24 15:29:03,704 - INFO - https://api.github.com UP | 63.85 ms
2026-02-24 15:29:04,482 - INFO - https://httpbin.org/get UP | 841.89 ms
2026-02-24 15:29:04,488 - INFO - CPU usage normal: 0.0%
2026-02-24 15:29:04,488 - INFO - RAM usage normal: 46.9%
2026-02-24 15:29:08,793 - INFO - https://api.github.com UP | 62.18 ms
2026-02-24 15:29:09,546 - INFO - https://httpbin.org/get UP | 814.98 ms
2026-02-24 15:29:09,551 - INFO - CPU usage normal: 0.0%
2026-02-24 15:29:09,551 - INFO - RAM usage normal: 46.9%
2026-02-24 15:29:14,071 - INFO - https://api.github.com UP | 285.94 ms
2026-02-24 15:29:14,601 - INFO - https://httpbin.org/get UP | 816.22 ms
2026-02-24 15:29:14,607 - INFO - CPU usage normal: 0.0%
2026-02-24 15:29:14,607 - INFO - RAM usage normal: 47.0%
2026-02-24 15:29:18,890 - INFO - https://api.github.com UP | 56.72 ms
2026-02-24 15:29:19,791 - INFO - https://httpbin.org/get UP | 957.6 ms
2026-02-24 15:29:19,797 - INFO - CPU usage normal: 0.0%
2026-02-24 15:29:19,797 - INFO - RAM usage normal: 47.6%
2026-02-24 15:29:23,962 - INFO - https://api.github.com UP | 64.0 ms
2026-02-24 15:29:24,894 - INFO - https://httpbin.org/get UP | 995.89 ms
2026-02-24 15:29:24,900 - INFO - CPU usage normal: 0.0%
2026-02-24 15:29:24,900 - INFO - RAM usage normal: 47.6%
2026-02-24 15:29:28,973 - INFO - https://api.github.com UP | 63.97 ms
2026-02-24 15:29:30,039 - INFO - https://httpbin.org/get UP | 1130.89 ms
2026-02-24 15:29:30,046 - INFO - CPU usage normal: 0.0%
2026-02-24 15:29:30,046 - INFO - RAM usage normal: 47.5%
2026-02-24 15:29:34,145 - INFO - https://api.github.com UP | 61.73 ms
2026-02-24 15:29:34,893 - INFO - https://httpbin.org/get UP | 810.22 ms
2026-02-24 15:29:34,899 - INFO - CPU usage normal: 0.0%
2026-02-24 15:29:34,899 - INFO - RAM usage normal: 47.5%
2026-02-24 15:29:39,211 - INFO - https://api.github.com UP | 60.2 ms
2026-02-24 15:29:39,986 - INFO - https://httpbin.org/get UP | 834.94 ms
2026-02-24 15:29:39,992 - INFO - CPU usage normal: 0.0%
2026-02-24 15:29:39,992 - INFO - RAM usage normal: 47.3%
2026-02-24 15:29:44,241 - INFO - https://api.github.com UP | 57.98 ms
2026-02-24 15:29:45,166 - INFO - https://httpbin.org/get UP | 983.7 ms
2026-02-24 15:29:45,172 - INFO - CPU usage normal: 0.0%
2026-02-24 15:29:45,172 - INFO - RAM usage normal: 47.4%
2026-02-24 15:29:49,304 - INFO - https://api.github.com UP | 62.11 ms
2026-02-24 15:29:50,755 - INFO - https://httpbin.org/get UP | 1513.78 ms
2026-02-24 15:29:50,760 - INFO - CPU usage normal: 0.0%
2026-02-24 15:29:50,760 - INFO - RAM usage normal: 47.2%
2026-02-24 15:29:54,433 - INFO - https://api.github.com UP | 76.4 ms
2026-02-24 15:29:55,619 - INFO - https://httpbin.org/get UP | 1263.15 ms
2026-02-24 15:29:55,625 - INFO - CPU usage normal: 7.5%
2026-02-24 15:29:55,625 - INFO - RAM usage normal: 47.2%
2026-02-24 15:29:59,429 - INFO - https://api.github.com UP | 58.7 ms
2026-02-24 15:30:01,011 - INFO - https://httpbin.org/get UP | 1641.76 ms
2026-02-24 15:30:01,017 - INFO - CPU usage normal: 6.9%
2026-02-24 15:30:01,017 - INFO - RAM usage normal: 47.1%
2026-02-24 15:30:04,544 - INFO - https://api.github.com UP | 62.14 ms
2026-02-24 15:30:05,486 - INFO - https://httpbin.org/get UP | 1004.36 ms
2026-02-24 15:30:05,492 - INFO - CPU usage normal: 0.0%
2026-02-24 15:30:05,492 - INFO - RAM usage normal: 47.0%
2026-02-24 15:30:09,591 - INFO - https://api.github.com UP | 52.63 ms
2026-02-24 15:30:10,534 - INFO - https://httpbin.org/get UP | 995.49 ms
2026-02-24 15:30:10,539 - INFO - CPU usage normal: 0.0%
2026-02-24 15:30:10,539 - INFO - RAM usage normal: 47.3%
2026-02-24 15:30:14,648 - INFO - https://api.github.com UP | 54.05 ms
2026-02-24 15:30:16,173 - INFO - https://httpbin.org/get UP | 1579.35 ms
2026-02-24 15:30:16,178 - INFO - CPU usage normal: 0.0%
2026-02-24 15:30:16,178 - INFO - RAM usage normal: 47.3%
2026-02-24 15:30:19,939 - INFO - https://api.github.com UP | 276.7 ms
2026-02-24 15:30:20,694 - INFO - https://httpbin.org/get UP | 1031.96 ms
2026-02-24 15:30:20,699 - INFO - CPU usage normal: 0.0%
2026-02-24 15:30:20,699 - INFO - RAM usage normal: 47.2%
2026-02-24 15:30:24,758 - INFO - https://api.github.com UP | 59.45 ms
2026-02-24 15:30:25,877 - INFO - https://httpbin.org/get UP | 1178.56 ms
2026-02-24 15:30:25,882 - INFO - CPU usage normal: 0.0%
2026-02-24 15:30:25,882 - INFO - RAM usage normal: 47.2%
2026-02-24 15:30:29,987 - INFO - https://api.github.com UP | 61.79 ms
2026-02-24 15:30:31,183 - INFO - https://httpbin.org/get UP | 1257.99 ms
2026-02-24 15:30:31,189 - INFO - CPU usage normal: 0.0%
2026-02-24 15:30:31,189 - INFO - RAM usage normal: 47.1%
2026-02-24 15:30:34,983 - INFO - https://api.github.com UP | 67.37 ms
2026-02-24 15:30:35,972 - INFO - https://httpbin.org/get UP | 1057.13 ms
2026-02-24 15:30:35,979 - INFO - CPU usage normal: 0.0%
2026-02-24 15:30:35,979 - INFO - RAM usage normal: 47.8%
2026-02-24 15:30:40,098 - INFO - https://api.github.com UP | 58.67 ms
2026-02-24 15:30:41,038 - INFO - https://httpbin.org/get UP | 998.3 ms
2026-02-24 15:30:41,044 - INFO - CPU usage normal: 0.0%
2026-02-24 15:30:41,044 - INFO - RAM usage normal: 47.8%
2026-02-24 15:30:45,127 - INFO - https://api.github.com UP | 56.64 ms
2026-02-24 15:30:46,350 - INFO - https://httpbin.org/get UP | 1279.49 ms
2026-02-24 15:30:46,355 - INFO - CPU usage normal: 0.0%
2026-02-24 15:30:46,355 - INFO - RAM usage normal: 47.6%
2026-02-24 15:30:50,468 - INFO - https://api.github.com UP | 57.73 ms
2026-02-24 15:30:51,415 - INFO - https://httpbin.org/get UP | 1005.12 ms
2026-02-24 15:30:51,421 - INFO - CPU usage normal: 0.0%
2026-02-24 15:30:51,421 - INFO - RAM usage normal: 47.7%
2026-02-24 15:30:55,481 - INFO - https://api.github.com UP | 53.85 ms
2026-02-24 15:30:56,789 - INFO - https://httpbin.org/get UP | 1362.22 ms
2026-02-24 15:30:56,795 - INFO - CPU usage normal: 0.0%
2026-02-24 15:30:56,795 - INFO - RAM usage normal: 48.4%
2026-02-24 15:31:00,517 - INFO - https://api.github.com UP | 53.13 ms
2026-02-24 15:31:01,453 - INFO - https://httpbin.org/get UP | 989.26 ms
2026-02-24 15:31:01,459 - INFO - CPU usage normal: 0.0%
2026-02-24 15:31:01,459 - INFO - RAM usage normal: 48.3%
2026-02-24 15:31:05,586 - INFO - https://api.github.com UP | 63.61 ms
2026-02-24 15:31:06,526 - INFO - https://httpbin.org/get UP | 1003.4 ms
2026-02-24 15:31:06,531 - INFO - CPU usage normal: 7.5%
2026-02-24 15:31:06,532 - INFO - RAM usage normal: 48.7%
2026-02-24 15:31:10,666 - ERROR - https://api.github.com ERROR 403
2026-02-24 15:31:11,632 - INFO - https://httpbin.org/get UP | 1025.3 ms
2026-02-24 15:31:11,637 - INFO - CPU usage normal: 0.0%
2026-02-24 15:31:11,637 - INFO - RAM usage normal: 48.7%
2026-02-24 15:31:15,743 - ERROR - https://api.github.com ERROR 403
2026-02-24 15:31:17,447 - INFO - https://httpbin.org/get UP | 1756.53 ms
2026-02-24 15:31:17,452 - INFO - CPU usage normal: 0.0%
2026-02-24 15:31:17,452 - INFO - RAM usage normal: 48.1%
2026-02-24 15:31:20,759 - ERROR - https://api.github.com ERROR 403
2026-02-24 15:31:22,378 - INFO - https://httpbin.org/get UP | 1675.36 ms
2026-02-24 15:31:22,383 - INFO - CPU usage normal: 0.0%
2026-02-24 15:31:22,383 - INFO - RAM usage normal: 48.2%
2026-02-24 15:31:25,829 - ERROR - https://api.github.com ERROR 403
2026-02-24 15:31:26,832 - INFO - https://httpbin.org/get UP | 1072.84 ms
2026-02-24 15:31:26,837 - INFO - CPU usage normal: 0.0%
2026-02-24 15:31:26,837 - INFO - RAM usage normal: 48.0%
2026-02-24 15:31:31,007 - ERROR - https://api.github.com ERROR 403
2026-02-24 15:31:32,185 - INFO - https://httpbin.org/get UP | 1232.1 ms
2026-02-24 15:31:32,191 - INFO - CPU usage normal: 0.0%
2026-02-24 15:31:32,191 - INFO - RAM usage normal: 47.9%
2026-02-24 15:31:36,022 - ERROR - https://api.github.com ERROR 403
2026-02-24 15:31:37,408 - INFO - https://httpbin.org/get UP | 1454.31 ms
2026-02-24 15:31:37,414 - INFO - CPU usage normal: 0.0%
2026-02-24 15:31:37,414 - INFO - RAM usage normal: 47.9%
2026-02-24 15:31:41,027 - ERROR - https://api.github.com ERROR 403
2026-02-24 15:31:42,015 - INFO - https://httpbin.org/get UP | 1045.3 ms
2026-02-24 15:31:42,021 - INFO - CPU usage normal: 0.0%
2026-02-24 15:31:42,021 - INFO - RAM usage normal: 47.9%
2026-02-24 15:31:46,138 - ERROR - https://api.github.com ERROR 403
2026-02-24 15:31:47,124 - INFO - https://httpbin.org/get UP | 1039.34 ms
2026-02-24 15:31:47,130 - INFO - CPU usage normal: 0.0%
2026-02-24 15:31:47,130 - INFO - RAM usage normal: 48.0%
2026-02-24 15:31:51,146 - ERROR - https://api.github.com ERROR 403
2026-02-24 15:31:52,624 - INFO - https://httpbin.org/get UP | 1537.95 ms
2026-02-24 15:31:52,630 - INFO - CPU usage normal: 0.0%
2026-02-24 15:31:52,630 - INFO - RAM usage normal: 48.2%
2026-02-24 15:31:56,162 - ERROR - https://api.github.com ERROR 403
2026-02-24 15:31:57,706 - INFO - https://httpbin.org/get UP | 1614.97 ms
2026-02-24 15:31:57,711 - INFO - CPU usage normal: 0.0%
2026-02-24 15:31:57,711 - INFO - RAM usage normal: 48.4%
2026-02-24 15:32:01,571 - ERROR - https://api.github.com ERROR 403
2026-02-24 15:32:02,606 - INFO - https://httpbin.org/get UP | 1095.07 ms
2026-02-24 15:32:02,612 - INFO - CPU usage normal: 0.0%
2026-02-24 15:32:02,612 - INFO - RAM usage normal: 47.9%
2026-02-24 15:32:07,062 - ERROR - https://api.github.com ERROR 403
2026-02-24 15:32:08,916 - INFO - https://httpbin.org/get UP | 1909.43 ms
2026-02-24 15:32:08,921 - INFO - CPU usage normal: 0.0%
2026-02-24 15:32:08,921 - INFO - RAM usage normal: 47.6%
2026-02-24 15:32:12,382 - ERROR - https://api.github.com ERROR 403
2026-02-24 15:32:13,727 - INFO - https://httpbin.org/get UP | 1617.98 ms
2026-02-24 15:32:13,733 - INFO - CPU usage normal: 6.8%
2026-02-24 15:32:13,733 - INFO - RAM usage normal: 47.6%
2026-02-24 15:32:16,798 - ERROR - https://api.github.com ERROR 403
2026-02-24 15:32:17,994 - INFO - https://httpbin.org/get UP | 1271.65 ms
2026-02-24 15:32:17,999 - INFO - CPU usage normal: 7.4%
2026-02-24 15:32:17,999 - INFO - RAM usage normal: 47.7%
2026-02-24 15:32:22,753 - ERROR - https://api.github.com ERROR 403
2026-02-24 15:32:23,732 - INFO - https://httpbin.org/get UP | 1038.86 ms
2026-02-24 15:32:23,737 - INFO - CPU usage normal: 7.3%
2026-02-24 15:32:23,737 - INFO - RAM usage normal: 47.7%
2026-02-24 15:32:28,245 - ERROR - https://api.github.com ERROR 403
2026-02-24 15:32:29,217 - INFO - https://httpbin.org/get UP | 1025.19 ms
2026-02-24 15:32:29,222 - INFO - CPU usage normal: 0.0%
2026-02-24 15:32:29,222 - INFO - RAM usage normal: 47.6%
2026-02-24 15:32:33,560 - ERROR - https://api.github.com ERROR 403
2026-02-24 15:32:34,280 - INFO - https://httpbin.org/get UP | 992.34 ms
2026-02-24 15:32:34,286 - INFO - CPU usage normal: 0.0%
2026-02-24 15:32:34,286 - INFO - RAM usage normal: 47.5%
2026-02-24 15:32:38,424 - ERROR - https://api.github.com ERROR 403
2026-02-24 15:32:39,564 - INFO - https://httpbin.org/get UP | 1204.29 ms
2026-02-24 15:32:39,570 - INFO - CPU usage normal: 0.0%
2026-02-24 15:32:39,570 - INFO - RAM usage normal: 47.5%
2026-02-24 15:32:43,504 - ERROR - https://api.github.com ERROR 403
2026-02-24 15:32:44,453 - INFO - https://httpbin.org/get UP | 1010.8 ms
2026-02-24 15:32:44,458 - INFO - CPU usage normal: 0.0%
2026-02-24 15:32:44,459 - INFO - RAM usage normal: 47.5%
2026-02-24 15:32:48,627 - ERROR - https://api.github.com ERROR 403
2026-02-24 15:32:49,660 - INFO - https://httpbin.org/get UP | 1085.88 ms
2026-02-24 15:32:49,666 - INFO - CPU usage normal: 0.0%
2026-02-24 15:32:49,666 - INFO - RAM usage normal: 47.7%
2026-02-24 15:32:53,647 - ERROR - https://api.github.com ERROR 403
2026-02-24 15:32:54,678 - INFO - https://httpbin.org/get UP | 1090.08 ms
2026-02-24 15:32:54,684 - INFO - CPU usage normal: 0.0%
2026-02-24 15:32:54,684 - INFO - RAM usage normal: 47.4%
2026-02-24 15:32:58,643 - ERROR - https://api.github.com ERROR 403
2026-02-24 15:32:59,670 - INFO - https://httpbin.org/get UP | 1089.97 ms
2026-02-24 15:32:59,676 - INFO - CPU usage normal: 0.0%
2026-02-24 15:32:59,676 - INFO - RAM usage normal: 47.5%
2026-02-24 15:33:03,699 - ERROR - https://api.github.com ERROR 403
2026-02-24 15:33:04,811 - INFO - https://httpbin.org/get UP | 1169.46 ms
2026-02-24 15:33:04,816 - INFO - CPU usage normal: 0.0%
2026-02-24 15:33:04,816 - INFO - RAM usage normal: 47.5%
2026-02-24 15:33:08,753 - ERROR - https://api.github.com ERROR 403
2026-02-24 15:33:09,778 - INFO - https://httpbin.org/get UP | 1116.03 ms
2026-02-24 15:33:09,784 - INFO - CPU usage normal: 0.0%
2026-02-24 15:33:09,784 - INFO - RAM usage normal: 47.6%
2026-02-24 15:33:13,904 - ERROR - https://api.github.com ERROR 403
2026-02-24 15:33:15,127 - INFO - https://httpbin.org/get UP | 1280.19 ms
2026-02-24 15:33:15,132 - INFO - CPU usage normal: 0.0%
2026-02-24 15:33:15,132 - INFO - RAM usage normal: 47.6%
2026-02-24 15:33:18,962 - ERROR - https://api.github.com ERROR 403
2026-02-24 15:33:20,138 - INFO - https://httpbin.org/get UP | 1240.74 ms
2026-02-24 15:33:20,143 - INFO - CPU usage normal: 0.0%
2026-02-24 15:33:20,144 - INFO - RAM usage normal: 47.6%
2026-02-24 15:33:24,004 - ERROR - https://api.github.com ERROR 403
2026-02-24 15:33:24,997 - INFO - https://httpbin.org/get UP | 1057.53 ms
2026-02-24 15:33:25,003 - INFO - CPU usage normal: 0.0%
2026-02-24 15:33:25,003 - INFO - RAM usage normal: 47.5%
2026-02-24 15:33:29,006 - ERROR - https://api.github.com ERROR 403
2026-02-24 15:33:29,922 - INFO - https://httpbin.org/get UP | 979.2 ms
2026-02-24 15:33:29,927 - INFO - CPU usage normal: 0.0%
2026-02-24 15:33:29,927 - INFO - RAM usage normal: 47.6%
2026-02-24 15:33:34,376 - ERROR - https://api.github.com ERROR 403
2026-02-24 15:33:35,498 - INFO - https://httpbin.org/get UP | 1205.47 ms
2026-02-24 15:33:35,504 - INFO - CPU usage normal: 0.0%
2026-02-24 15:33:35,504 - INFO - RAM usage normal: 47.5%
2026-02-24 15:33:39,412 - ERROR - https://api.github.com ERROR 403
2026-02-24 15:33:40,333 - INFO - https://httpbin.org/get UP | 984.93 ms
2026-02-24 15:33:40,339 - INFO - CPU usage normal: 0.0%
2026-02-24 15:33:40,339 - INFO - RAM usage normal: 47.6%
2026-02-24 15:33:44,765 - ERROR - https://api.github.com ERROR 403
2026-02-24 15:33:45,786 - INFO - https://httpbin.org/get UP | 1076.57 ms
2026-02-24 15:33:45,792 - INFO - CPU usage normal: 0.0%
2026-02-24 15:33:45,792 - INFO - RAM usage normal: 47.8%
2026-02-24 15:33:49,885 - ERROR - https://api.github.com ERROR 403
2026-02-24 15:33:50,804 - INFO - https://httpbin.org/get UP | 976.65 ms
2026-02-24 15:33:50,810 - INFO - CPU usage normal: 0.0%
2026-02-24 15:33:50,810 - INFO - RAM usage normal: 47.9%
2026-02-24 15:33:54,890 - ERROR - https://api.github.com ERROR 403
2026-02-24 15:33:56,051 - INFO - https://httpbin.org/get UP | 1219.58 ms
2026-02-24 15:33:56,056 - INFO - CPU usage normal: 0.0%
2026-02-24 15:33:56,056 - INFO - RAM usage normal: 47.9%
2026-02-24 15:33:59,897 - ERROR - https://api.github.com ERROR 403
2026-02-24 15:34:01,187 - INFO - https://httpbin.org/get UP | 1349.83 ms
2026-02-24 15:34:01,193 - INFO - CPU usage normal: 0.0%
2026-02-24 15:34:01,193 - INFO - RAM usage normal: 48.2%
2026-02-24 15:34:04,933 - ERROR - https://api.github.com ERROR 403
2026-02-24 15:34:05,965 - INFO - https://httpbin.org/get UP | 1092.94 ms
2026-02-24 15:34:05,971 - INFO - CPU usage normal: 0.0%
2026-02-24 15:34:05,971 - INFO - RAM usage normal: 48.2%
2026-02-24 15:34:10,060 - ERROR - https://api.github.com ERROR 403
2026-02-24 15:34:11,032 - INFO - https://httpbin.org/get UP | 1035.91 ms
2026-02-24 15:34:11,038 - INFO - CPU usage normal: 0.0%
2026-02-24 15:34:11,038 - INFO - RAM usage normal: 48.4%
2026-02-24 15:34:15,055 - ERROR - https://api.github.com ERROR 403
2026-02-24 15:34:15,994 - INFO - https://httpbin.org/get UP | 991.17 ms
2026-02-24 15:34:16,000 - INFO - CPU usage normal: 0.0%
2026-02-24 15:34:16,000 - INFO - RAM usage normal: 48.3%
2026-02-24 15:34:20,117 - ERROR - https://api.github.com ERROR 403
2026-02-24 15:34:21,111 - INFO - https://httpbin.org/get UP | 1052.29 ms
2026-02-24 15:34:21,117 - INFO - CPU usage normal: 6.6%
2026-02-24 15:34:21,117 - INFO - RAM usage normal: 48.1%
2026-02-24 15:34:25,140 - ERROR - https://api.github.com ERROR 403
2026-02-24 15:34:26,211 - ERROR - https://httpbin.org/get ERROR 502
2026-02-24 15:34:26,217 - INFO - CPU usage normal: 0.0%
2026-02-24 15:34:26,217 - INFO - RAM usage normal: 48.1%
2026-02-24 15:34:30,313 - ERROR - https://api.github.com ERROR 403
2026-02-24 15:34:31,099 - INFO - https://httpbin.org/get UP | 960.44 ms
2026-02-24 15:34:31,105 - INFO - CPU usage normal: 0.0%
2026-02-24 15:34:31,105 - INFO - RAM usage normal: 48.2%
2026-02-24 15:34:35,384 - ERROR - https://api.github.com ERROR 403
2026-02-24 15:34:37,767 - INFO - https://httpbin.org/get UP | 2441.44 ms
2026-02-24 15:34:37,773 - INFO - CPU usage normal: 7.2%
2026-02-24 15:34:37,773 - INFO - RAM usage normal: 48.5%
2026-02-24 15:34:40,444 - ERROR - https://api.github.com ERROR 403
2026-02-24 15:34:41,346 - INFO - https://httpbin.org/get UP | 975.51 ms
2026-02-24 15:34:41,351 - INFO - CPU usage normal: 0.0%
2026-02-24 15:34:41,352 - INFO - RAM usage normal: 48.4%
2026-02-24 15:34:46,462 - ERROR - https://api.github.com ERROR 403
2026-02-24 15:34:47,450 - INFO - https://httpbin.org/get UP | 1051.91 ms
2026-02-24 15:34:47,456 - INFO - CPU usage normal: 0.0%
2026-02-24 15:34:47,456 - INFO - RAM usage normal: 48.4%
2026-02-24 15:34:50,552 - ERROR - https://api.github.com ERROR 403
2026-02-24 15:34:52,292 - INFO - https://httpbin.org/get UP | 1770.37 ms
2026-02-24 15:34:52,297 - INFO - CPU usage normal: 0.0%
2026-02-24 15:34:52,297 - INFO - RAM usage normal: 47.8%
2026-02-24 15:34:55,594 - ERROR - https://api.github.com ERROR 403
2026-02-24 15:34:56,688 - INFO - https://httpbin.org/get UP | 1161.16 ms
2026-02-24 15:34:56,694 - INFO - CPU usage normal: 0.0%
2026-02-24 15:34:56,694 - INFO - RAM usage normal: 47.7%
2026-02-24 15:35:00,597 - ERROR - https://api.github.com ERROR 403
2026-02-24 15:35:01,560 - INFO - https://httpbin.org/get UP | 1023.18 ms
2026-02-24 15:35:01,566 - INFO - CPU usage normal: 0.0%
2026-02-24 15:35:01,566 - INFO - RAM usage normal: 47.7%
2026-02-24 15:35:05,675 - ERROR - https://api.github.com ERROR 403
2026-02-24 15:35:06,799 - ERROR - https://httpbin.org/get ERROR 502
2026-02-24 15:35:06,805 - INFO - CPU usage normal: 0.0%
2026-02-24 15:35:06,805 - INFO - RAM usage normal: 48.2%
2026-02-24 15:35:10,759 - ERROR - https://api.github.com ERROR 403
2026-02-24 15:35:12,375 - INFO - https://httpbin.org/get UP | 1693.93 ms
2026-02-24 15:35:12,380 - INFO - CPU usage normal: 0.0%
2026-02-24 15:35:12,380 - INFO - RAM usage normal: 47.8%
2026-02-24 15:35:16,124 - ERROR - https://api.github.com ERROR 403
2026-02-24 15:35:17,057 - INFO - https://httpbin.org/get UP | 1204.19 ms
2026-02-24 15:35:17,062 - INFO - CPU usage normal: 0.0%
2026-02-24 15:35:17,062 - INFO - RAM usage normal: 47.8%
2026-02-24 15:35:20,088 - ERROR - https://api.github.com ERROR 403
2026-02-24 15:35:21,509 - INFO - https://httpbin.org/get UP | 1450.93 ms
2026-02-24 15:35:21,515 - INFO - CPU usage normal: 0.0%
2026-02-24 15:35:21,515 - INFO - RAM usage normal: 47.8%
2026-02-24 15:35:25,015 - ERROR - https://api.github.com ERROR 403
2026-02-24 15:35:26,194 - INFO - https://httpbin.org/get UP | 1254.86 ms
2026-02-24 15:35:26,200 - INFO - CPU usage normal: 0.0%
2026-02-24 15:35:26,200 - INFO - RAM usage normal: 47.8%
2026-02-24 15:35:31,429 - ERROR - https://api.github.com ERROR 403
2026-02-24 15:35:32,647 - INFO - https://httpbin.org/get UP | 1273.94 ms
2026-02-24 15:35:32,653 - INFO - CPU usage normal: 0.0%
2026-02-24 15:35:32,653 - INFO - RAM usage normal: 47.6%
2026-02-24 15:35:36,530 - ERROR - https://api.github.com ERROR 403
2026-02-24 15:35:37,655 - INFO - https://httpbin.org/get UP | 1183.64 ms
2026-02-24 15:35:37,661 - INFO - CPU usage normal: 0.0%
2026-02-24 15:35:37,661 - INFO - RAM usage normal: 48.3%
2026-02-24 15:35:41,569 - ERROR - https://api.github.com ERROR 403
2026-02-24 15:35:42,555 - INFO - https://httpbin.org/get UP | 1044.32 ms
2026-02-24 15:35:42,561 - INFO - CPU usage normal: 0.0%
2026-02-24 15:35:42,561 - INFO - RAM usage normal: 48.2%
2026-02-24 15:35:46,588 - ERROR - https://api.github.com ERROR 403
2026-02-24 15:35:47,619 - INFO - https://httpbin.org/get UP | 1085.7 ms
2026-02-24 15:35:47,625 - INFO - CPU usage normal: 0.0%
2026-02-24 15:35:47,625 - INFO - RAM usage normal: 48.1%
2026-02-24 15:35:51,601 - ERROR - https://api.github.com ERROR 403
2026-02-24 15:35:52,511 - INFO - https://httpbin.org/get UP | 967.86 ms
2026-02-24 15:35:52,517 - INFO - CPU usage normal: 0.0%
2026-02-24 15:35:52,517 - INFO - RAM usage normal: 47.8%
2026-02-24 15:35:56,944 - ERROR - https://api.github.com ERROR 403
2026-02-24 15:35:57,866 - INFO - https://httpbin.org/get UP | 981.01 ms
2026-02-24 15:35:57,872 - INFO - CPU usage normal: 0.0%
2026-02-24 15:35:57,872 - INFO - RAM usage normal: 47.8%
2026-02-24 15:36:02,223 - ERROR - https://api.github.com ERROR 403
2026-02-24 15:36:04,308 - INFO - https://httpbin.org/get UP | 2148.51 ms
2026-02-24 15:36:04,314 - INFO - CPU usage normal: 0.0%
2026-02-24 15:36:04,314 - INFO - RAM usage normal: 47.9%
2026-02-24 15:36:07,409 - ERROR - https://api.github.com ERROR 403
2026-02-24 15:36:08,396 - INFO - https://httpbin.org/get UP | 1045.7 ms
2026-02-24 15:36:08,402 - INFO - CPU usage normal: 0.0%
2026-02-24 15:36:08,402 - INFO - RAM usage normal: 47.9%
2026-02-24 15:36:12,643 - ERROR - https://api.github.com ERROR 403
2026-02-24 15:36:13,583 - INFO - https://httpbin.org/get UP | 1214.14 ms
2026-02-24 15:36:13,588 - INFO - CPU usage normal: 0.0%
2026-02-24 15:36:13,588 - INFO - RAM usage normal: 47.9%
2026-02-24 15:36:17,677 - ERROR - https://api.github.com ERROR 403
2026-02-24 15:36:18,591 - INFO - https://httpbin.org/get UP | 968.55 ms
2026-02-24 15:36:18,596 - INFO - CPU usage normal: 0.0%
2026-02-24 15:36:18,596 - INFO - RAM usage normal: 47.9%
2026-02-24 15:36:22,724 - ERROR - https://api.github.com ERROR 403
2026-02-24 15:36:23,686 - INFO - https://httpbin.org/get UP | 1020.28 ms
2026-02-24 15:36:23,692 - INFO - CPU usage normal: 0.0%
2026-02-24 15:36:23,692 - INFO - RAM usage normal: 48.0%
2026-02-24 15:36:28,065 - ERROR - https://api.github.com ERROR 403
2026-02-24 15:36:29,542 - INFO - https://httpbin.org/get UP | 1533.47 ms
2026-02-24 15:36:29,548 - INFO - CPU usage normal: 6.6%
2026-02-24 15:36:29,548 - INFO - RAM usage normal: 48.1%
2026-02-24 15:36:33,134 - ERROR - https://api.github.com ERROR 403
2026-02-24 15:36:34,222 - INFO - https://httpbin.org/get UP | 1145.13 ms
2026-02-24 15:36:34,227 - INFO - CPU usage normal: 7.0%
2026-02-24 15:36:34,227 - INFO - RAM usage normal: 48.5%
2026-02-24 15:36:37,108 - ERROR - https://api.github.com ERROR 403
2026-02-24 15:36:38,021 - INFO - https://httpbin.org/get UP | 947.38 ms
2026-02-24 15:36:38,028 - INFO - CPU usage normal: 66.7%
2026-02-24 15:36:38,028 - INFO - RAM usage normal: 48.5%
2026-02-24 15:36:43,142 - ERROR - https://api.github.com ERROR 403
2026-02-24 15:36:44,219 - INFO - https://httpbin.org/get UP | 1134.07 ms
2026-02-24 15:36:44,227 - INFO - CPU usage normal: 6.6%
2026-02-24 15:36:44,227 - INFO - RAM usage normal: 48.9%
2026-02-24 15:36:48,179 - ERROR - https://api.github.com ERROR 403
2026-02-24 15:36:49,132 - INFO - https://httpbin.org/get UP | 1011.88 ms
2026-02-24 15:36:49,139 - INFO - CPU usage normal: 0.0%
2026-02-24 15:36:49,139 - INFO - RAM usage normal: 49.3%
2026-02-24 15:36:53,211 - ERROR - https://api.github.com ERROR 403
2026-02-24 15:36:54,437 - INFO - https://httpbin.org/get UP | 1288.15 ms
2026-02-24 15:36:54,442 - INFO - CPU usage normal: 0.0%
2026-02-24 15:36:54,442 - INFO - RAM usage normal: 49.0%
2026-02-24 15:36:58,274 - ERROR - https://api.github.com ERROR 403
2026-02-24 15:36:59,216 - INFO - https://httpbin.org/get UP | 1006.34 ms
2026-02-24 15:36:59,222 - INFO - CPU usage normal: 0.0%
2026-02-24 15:36:59,223 - INFO - RAM usage normal: 49.0%
2026-02-24 15:37:03,812 - ERROR - https://api.github.com ERROR 403
2026-02-24 15:37:04,845 - INFO - https://httpbin.org/get UP | 1094.94 ms
2026-02-24 15:37:04,851 - INFO - CPU usage normal: 0.0%
2026-02-24 15:37:04,851 - INFO - RAM usage normal: 48.9%
2026-02-24 15:37:08,985 - ERROR - https://api.github.com ERROR 403
2026-02-24 15:37:10,052 - INFO - https://httpbin.org/get UP | 1129.21 ms
2026-02-24 15:37:10,057 - INFO - CPU usage normal: 8.1%
2026-02-24 15:37:10,057 - INFO - RAM usage normal: 49.0%
2026-02-24 15:37:14,011 - ERROR - https://api.github.com ERROR 403
2026-02-24 15:37:15,148 - ERROR - https://httpbin.org/get ERROR 502
2026-02-24 15:37:15,158 - INFO - CPU usage normal: 0.0%
2026-02-24 15:37:15,158 - INFO - RAM usage normal: 48.8%
2026-02-24 15:37:19,087 - ERROR - https://api.github.com ERROR 403
2026-02-24 15:37:20,196 - INFO - https://httpbin.org/get UP | 1175.86 ms
2026-02-24 15:37:20,201 - INFO - CPU usage normal: 0.0%
2026-02-24 15:37:20,201 - INFO - RAM usage normal: 48.8%
2026-02-24 15:37:24,149 - ERROR - https://api.github.com ERROR 403
2026-02-24 15:37:25,227 - INFO - https://httpbin.org/get UP | 1133.83 ms
2026-02-24 15:37:25,232 - INFO - CPU usage normal: 0.0%
2026-02-24 15:37:25,232 - INFO - RAM usage normal: 48.7%
2026-02-24 15:37:29,328 - ERROR - https://api.github.com ERROR 403
2026-02-24 15:37:30,532 - INFO - https://httpbin.org/get UP | 1269.33 ms
2026-02-24 15:37:30,538 - INFO - CPU usage normal: 0.0%
2026-02-24 15:37:30,538 - INFO - RAM usage normal: 48.5%
2026-02-24 15:37:34,378 - ERROR - https://api.github.com ERROR 403
2026-02-24 15:37:35,522 - INFO - https://httpbin.org/get UP | 1203.99 ms
2026-02-24 15:37:35,528 - INFO - CPU usage normal: 0.0%
2026-02-24 15:37:35,528 - INFO - RAM usage normal: 48.3%
2026-02-24 15:37:39,386 - ERROR - https://api.github.com ERROR 403
2026-02-24 15:37:41,276 - INFO - https://httpbin.org/get UP | 1945.91 ms
2026-02-24 15:37:41,281 - INFO - CPU usage normal: 0.0%
2026-02-24 15:37:41,281 - INFO - RAM usage normal: 48.1%
2026-02-24 15:37:44,393 - ERROR - https://api.github.com ERROR 403
2026-02-24 15:37:46,547 - INFO - https://httpbin.org/get UP | 2205.87 ms
2026-02-24 15:37:46,558 - INFO - CPU usage normal: 0.0%
2026-02-24 15:37:46,558 - INFO - RAM usage normal: 48.1%
2026-02-24 15:37:49,644 - ERROR - https://api.github.com ERROR 403
2026-02-24 15:37:50,594 - INFO - https://httpbin.org/get UP | 1009.34 ms
2026-02-24 15:37:50,600 - INFO - CPU usage normal: 0.0%
2026-02-24 15:37:50,600 - INFO - RAM usage normal: 48.0%
2026-02-24 15:37:54,922 - ERROR - https://api.github.com ERROR 403
2026-02-24 15:37:55,688 - INFO - https://httpbin.org/get UP | 1038.83 ms
2026-02-24 15:37:55,693 - INFO - CPU usage normal: 6.3%
2026-02-24 15:37:55,693 - INFO - RAM usage normal: 48.1%
2026-02-24 15:37:59,795 - ERROR - https://api.github.com ERROR 403
2026-02-24 15:38:00,747 - INFO - https://httpbin.org/get UP | 1004.89 ms
2026-02-24 15:38:00,753 - INFO - CPU usage normal: 0.0%
2026-02-24 15:38:00,753 - INFO - RAM usage normal: 48.1%
2026-02-24 15:38:04,828 - ERROR - https://api.github.com ERROR 403
2026-02-24 15:38:06,195 - ERROR - https://httpbin.org/get ERROR 502
2026-02-24 15:38:06,200 - INFO - CPU usage normal: 0.0%
2026-02-24 15:38:06,200 - INFO - RAM usage normal: 48.3%
2026-02-24 15:38:09,988 - ERROR - https://api.github.com ERROR 403
2026-02-24 15:38:10,958 - INFO - https://httpbin.org/get UP | 1024.33 ms
2026-02-24 15:38:10,963 - INFO - CPU usage normal: 6.6%
2026-02-24 15:38:10,963 - INFO - RAM usage normal: 48.6%
2026-02-24 15:38:15,009 - ERROR - https://api.github.com ERROR 403
2026-02-24 15:38:15,956 - INFO - https://httpbin.org/get UP | 1008.49 ms
2026-02-24 15:38:15,961 - INFO - CPU usage normal: 0.0%
2026-02-24 15:38:15,961 - INFO - RAM usage normal: 48.6%
2026-02-24 15:38:20,081 - ERROR - https://api.github.com ERROR 403
2026-02-24 15:38:21,015 - INFO - https://httpbin.org/get UP | 991.88 ms
2026-02-24 15:38:21,021 - INFO - CPU usage normal: 0.0%
2026-02-24 15:38:21,021 - INFO - RAM usage normal: 49.0%
2026-02-24 15:38:25,622 - ERROR - https://api.github.com ERROR 403
2026-02-24 15:38:26,696 - INFO - https://httpbin.org/get UP | 1143.44 ms
2026-02-24 15:38:26,702 - INFO - CPU usage normal: 0.0%
2026-02-24 15:38:26,702 - INFO - RAM usage normal: 48.1%
2026-02-24 15:38:30,656 - ERROR - https://api.github.com ERROR 403
2026-02-24 15:38:32,271 - INFO - https://httpbin.org/get UP | 1673.23 ms
2026-02-24 15:38:32,276 - INFO - CPU usage normal: 6.4%
2026-02-24 15:38:32,276 - INFO - RAM usage normal: 48.1%
2026-02-24 15:38:35,720 - ERROR - https://api.github.com ERROR 403
2026-02-24 15:38:36,650 - INFO - https://httpbin.org/get UP | 1006.44 ms
2026-02-24 15:38:36,657 - INFO - CPU usage normal: 0.0%
2026-02-24 15:38:36,657 - INFO - RAM usage normal: 49.1%
2026-02-24 15:38:40,710 - ERROR - https://api.github.com ERROR 403
2026-02-24 15:38:41,892 - INFO - https://httpbin.org/get UP | 1242.11 ms
2026-02-24 15:38:41,898 - INFO - CPU usage normal: 0.0%
2026-02-24 15:38:41,898 - INFO - RAM usage normal: 49.1%
2026-02-24 15:38:45,764 - ERROR - https://api.github.com ERROR 403
2026-02-24 15:38:46,720 - INFO - https://httpbin.org/get UP | 1008.32 ms
2026-02-24 15:38:46,726 - INFO - CPU usage normal: 6.4%
2026-02-24 15:38:46,726 - INFO - RAM usage normal: 49.1%
2026-02-24 15:38:50,834 - ERROR - https://api.github.com ERROR 403
2026-02-24 15:38:51,763 - INFO - https://httpbin.org/get UP | 996.57 ms
2026-02-24 15:38:51,769 - INFO - CPU usage normal: 0.0%
2026-02-24 15:38:51,769 - INFO - RAM usage normal: 48.9%
2026-02-24 15:38:55,915 - ERROR - https://api.github.com ERROR 403
2026-02-24 15:38:56,848 - INFO - https://httpbin.org/get UP | 1022.19 ms
2026-02-24 15:38:56,853 - INFO - CPU usage normal: 0.0%
2026-02-24 15:38:56,853 - INFO - RAM usage normal: 48.5%
2026-02-24 15:39:01,081 - ERROR - https://api.github.com ERROR 403
2026-02-24 15:39:02,063 - INFO - https://httpbin.org/get UP | 1041.03 ms
2026-02-24 15:39:02,068 - INFO - CPU usage normal: 6.5%
2026-02-24 15:39:02,068 - INFO - RAM usage normal: 48.5%
2026-02-24 15:39:06,087 - ERROR - https://api.github.com ERROR 403
2026-02-24 15:39:07,114 - INFO - https://httpbin.org/get UP | 1081.33 ms
2026-02-24 15:39:07,121 - INFO - CPU usage normal: 0.0%
2026-02-24 15:39:07,121 - INFO - RAM usage normal: 48.4%
2026-02-24 15:39:11,241 - ERROR - https://api.github.com ERROR 403
2026-02-24 15:39:12,374 - INFO - https://httpbin.org/get UP | 1198.16 ms
2026-02-24 15:39:12,380 - INFO - CPU usage normal: 0.0%
2026-02-24 15:39:12,380 - INFO - RAM usage normal: 48.3%
2026-02-24 15:39:16,465 - ERROR - https://api.github.com ERROR 403
2026-02-24 15:39:17,385 - INFO - https://httpbin.org/get UP | 981.31 ms
2026-02-24 15:39:17,391 - INFO - CPU usage normal: 0.0%
2026-02-24 15:39:17,391 - INFO - RAM usage normal: 48.3%
2026-02-24 15:41:49,912 - INFO - CPU usage normal: 8.3%
2026-02-24 15:41:49,912 - INFO - RAM usage normal: 49.1%
2026-02-24 15:41:55,145 - INFO - CPU usage normal: 0.0%
2026-02-24 15:41:55,145 - INFO - RAM usage normal: 50.1%
2026-02-24 15:42:00,155 - INFO - CPU usage normal: 0.0%
2026-02-24 15:42:00,155 - INFO - RAM usage normal: 49.9%
2026-02-24 15:42:06,254 - INFO - CPU usage normal: 0.0%
2026-02-24 15:42:06,254 - INFO - RAM usage normal: 49.7%
2026-02-24 15:42:11,269 - INFO - CPU usage normal: 0.0%
2026-02-24 15:42:11,269 - INFO - RAM usage normal: 49.4%
2026-02-24 15:42:16,391 - INFO - CPU usage normal: 0.0%
2026-02-24 15:42:16,391 - INFO - RAM usage normal: 49.2%
2026-02-24 15:42:21,575 - INFO - CPU usage normal: 0.0%
2026-02-24 15:42:21,575 - INFO - RAM usage normal: 49.2%
2026-02-24 15:42:26,515 - INFO - CPU usage normal: 0.0%
2026-02-24 15:42:26,515 - INFO - RAM usage normal: 49.1%
2026-02-24 15:42:31,634 - INFO - CPU usage normal: 0.0%
2026-02-24 15:42:31,634 - INFO - RAM usage normal: 49.2%
2026-02-24 15:42:36,780 - INFO - CPU usage normal: 0.0%
2026-02-24 15:42:36,780 - INFO - RAM usage normal: 49.2%
2026-02-24 15:42:41,749 - INFO - CPU usage normal: 0.0%
2026-02-24 15:42:41,749 - INFO - RAM usage normal: 49.0%
2026-02-24 15:42:46,891 - INFO - CPU usage normal: 0.0%
2026-02-24 15:42:46,892 - INFO - RAM usage normal: 48.9%
2026-02-24 15:42:52,283 - INFO - CPU usage normal: 0.0%
2026-02-24 15:42:52,283 - INFO - RAM usage normal: 48.6%
2026-02-24 15:42:57,303 - INFO - CPU usage normal: 0.0%
2026-02-24 15:42:57,303 - INFO - RAM usage normal: 48.6%
2026-02-24 15:43:02,403 - INFO - CPU usage normal: 0.0%
2026-02-24 15:43:02,404 - INFO - RAM usage normal: 48.6%
2026-02-24 15:43:07,605 - INFO - CPU usage normal: 0.0%
2026-02-24 15:43:07,605 - INFO - RAM usage normal: 48.5%
2026-02-24 15:43:12,710 - INFO - CPU usage normal: 0.0%
2026-02-24 15:43:12,710 - INFO - RAM usage normal: 48.7%
2026-02-24 15:43:17,719 - INFO - CPU usage normal: 0.0%
2026-02-24 15:43:17,719 - INFO - RAM usage normal: 48.7%
2026-02-24 15:43:22,728 - INFO - CPU usage normal: 0.0%
2026-02-24 15:43:22,728 - INFO - RAM usage normal: 48.6%
2026-02-24 16:00:35,750 - INFO - CPU usage normal: 9.5%
2026-02-24 16:00:35,750 - INFO - RAM usage normal: 45.7%
2026-02-24 16:00:40,105 - INFO - CPU usage normal: 0.0%
2026-02-24 16:00:40,105 - INFO - RAM usage normal: 46.2%
2026-02-24 16:00:45,157 - INFO - CPU usage normal: 0.0%
2026-02-24 16:00:45,157 - INFO - RAM usage normal: 46.0%
2026-02-24 16:00:50,247 - INFO - CPU usage normal: 0.0%
2026-02-24 16:00:50,247 - INFO - RAM usage normal: 46.1%
2026-02-24 16:00:55,198 - INFO - CPU usage normal: 0.0%
2026-02-24 16:00:55,198 - INFO - RAM usage normal: 46.1%
2026-02-24 16:01:01,514 - INFO - CPU usage normal: 0.0%
2026-02-24 16:01:01,515 - INFO - RAM usage normal: 46.0%
2026-02-24 16:01:06,313 - INFO - CPU usage normal: 0.0%
2026-02-24 16:01:06,314 - INFO - RAM usage normal: 46.1%
2026-02-24 16:01:11,279 - INFO - CPU usage normal: 0.0%
2026-02-24 16:01:11,280 - INFO - RAM usage normal: 46.1%
2026-02-24 16:01:16,131 - INFO - CPU usage normal: 0.0%
2026-02-24 16:01:16,131 - INFO - RAM usage normal: 46.1%
2026-02-24 16:01:20,290 - INFO - CPU usage normal: 0.0%
2026-02-24 16:01:20,290 - INFO - RAM usage normal: 46.2%
2026-02-24 16:01:25,575 - INFO - CPU usage normal: 0.0%
2026-02-24 16:01:25,575 - INFO - RAM usage normal: 46.2%
2026-02-24 16:01:31,295 - INFO - CPU usage normal: 0.0%
2026-02-24 16:01:31,295 - INFO - RAM usage normal: 46.2%
2026-02-24 16:01:36,363 - INFO - CPU usage normal: 0.0%
2026-02-24 16:01:36,363 - INFO - RAM usage normal: 46.3%
2026-02-24 16:01:41,475 - INFO - CPU usage normal: 0.0%
2026-02-24 16:01:41,475 - INFO - RAM usage normal: 46.3%
2026-02-24 16:01:46,474 - INFO - CPU usage normal: 0.0%
2026-02-24 16:01:46,475 - INFO - RAM usage normal: 46.3%
2026-02-24 16:01:51,465 - INFO - CPU usage normal: 0.0%
2026-02-24 16:01:51,465 - INFO - RAM usage normal: 46.3%
2026-02-24 16:01:56,665 - INFO - CPU usage normal: 0.0%
2026-02-24 16:01:56,665 - INFO - RAM usage normal: 46.3%
2026-02-24 16:02:01,717 - INFO - CPU usage normal: 0.0%
2026-02-24 16:02:01,717 - INFO - RAM usage normal: 46.4%
2026-02-24 16:02:05,993 - INFO - CPU usage normal: 0.0%
2026-02-24 16:02:05,993 - INFO - RAM usage normal: 46.6%
2026-02-24 16:02:11,002 - INFO - CPU usage normal: 0.0%
2026-02-24 16:02:11,002 - INFO - RAM usage normal: 46.9%
2026-02-24 16:02:15,987 - INFO - CPU usage normal: 0.0%
2026-02-24 16:02:15,987 - INFO - RAM usage normal: 47.0%
2026-02-24 16:02:20,750 - INFO - CPU usage normal: 0.0%
2026-02-24 16:02:20,750 - INFO - RAM usage normal: 46.8%
2026-02-24 16:02:26,157 - INFO - CPU usage normal: 0.0%
2026-02-24 16:02:26,157 - INFO - RAM usage normal: 46.7%
2026-02-24 16:02:31,254 - INFO - CPU usage normal: 0.0%
2026-02-24 16:02:31,254 - INFO - RAM usage normal: 46.8%
2026-02-24 16:02:36,024 - INFO - CPU usage normal: 0.0%
2026-02-24 16:02:36,024 - INFO - RAM usage normal: 46.7%
2026-02-24 16:02:41,353 - INFO - CPU usage normal: 0.0%
2026-02-24 16:02:41,354 - INFO - RAM usage normal: 46.3%
2026-02-24 16:02:47,872 - INFO - CPU usage normal: 0.0%
2026-02-24 16:02:47,873 - INFO - RAM usage normal: 46.1%
2026-02-24 16:02:52,655 - INFO - CPU usage normal: 0.0%
2026-02-24 16:02:52,655 - INFO - RAM usage normal: 46.2%
2026-02-24 16:02:57,975 - INFO - CPU usage normal: 0.0%
2026-02-24 16:02:57,975 - INFO - RAM usage normal: 45.8%
2026-02-24 16:21:08,965 - INFO - CPU usage normal: 22.4%
2026-02-24 16:21:08,965 - INFO - RAM usage normal: 48.9%
2026-02-24 16:22:35,272 - INFO - CPU usage normal: 0.0%
2026-02-24 16:22:35,272 - INFO - RAM usage normal: 47.6%
2026-02-24 16:22:35,568 - INFO - CPU usage normal: 0.0%
2026-02-24 16:22:35,568 - INFO - RAM usage normal: 47.7%
2026-02-24 16:22:52,590 - INFO - CPU usage normal: 0.0%
2026-02-24 16:22:52,590 - INFO - RAM usage normal: 47.7%
2026-02-24 16:23:24,249 - INFO - CPU usage normal: 0.0%
2026-02-24 16:23:24,249 - INFO - RAM usage normal: 47.8%
2026-02-24 16:24:25,936 - INFO - CPU usage normal: 0.0%
2026-02-24 16:24:25,936 - INFO - RAM usage normal: 48.1%
2026-02-24 16:25:10,358 - INFO - CPU usage normal: 0.0%
2026-02-24 16:25:10,358 - INFO - RAM usage normal: 47.8%
2026-02-24 16:25:20,370 - INFO - CPU usage normal: 0.0%
2026-02-24 16:25:20,370 - INFO - RAM usage normal: 48.0%
2026-02-24 16:25:20,529 - INFO - CPU usage normal: 0.0%
2026-02-24 16:25:20,529 - INFO - RAM usage normal: 48.0%
2026-02-24 16:27:16,224 - INFO - CPU usage normal: 0.0%
2026-02-24 16:27:16,224 - INFO - RAM usage normal: 48.2%
2026-02-24 16:27:20,751 - INFO - CPU usage normal: 0.0%
2026-02-24 16:27:20,751 - INFO - RAM usage normal: 47.8%
2026-02-24 16:27:27,922 - INFO - CPU usage normal: 0.0%
2026-02-24 16:27:27,922 - INFO - RAM usage normal: 48.5%
2026-02-24 16:27:28,085 - INFO - CPU usage normal: 0.0%
2026-02-24 16:27:28,085 - INFO - RAM usage normal: 48.4%
2026-02-24 16:27:37,287 - INFO - CPU usage normal: 0.0%
2026-02-24 16:27:37,287 - INFO - RAM usage normal: 48.4%
2026-02-24 16:27:46,673 - INFO - CPU usage normal: 0.0%
2026-02-24 16:27:46,673 - INFO - RAM usage normal: 47.8%
2026-02-24 16:28:45,952 - INFO - CPU usage normal: 0.0%
2026-02-24 16:28:45,953 - INFO - RAM usage normal: 47.6%
2026-02-24 16:30:28,086 - INFO - CPU usage normal: 0.0%
2026-02-24 16:30:28,086 - INFO - RAM usage normal: 48.2%
2026-02-24 16:30:28,434 - INFO - CPU usage normal: 0.0%
2026-02-24 16:30:28,434 - INFO - RAM usage normal: 48.3%
2026-02-24 16:30:38,642 - INFO - CPU usage normal: 0.0%
2026-02-24 16:30:38,642 - INFO - RAM usage normal: 48.4%
2026-02-24 16:30:40,700 - INFO - CPU usage normal: 0.0%
2026-02-24 16:30:40,700 - INFO - RAM usage normal: 48.9%
2026-02-24 16:30:44,569 - INFO - CPU usage normal: 0.0%
2026-02-24 16:30:44,569 - INFO - RAM usage normal: 48.9%
2026-02-24 16:30:45,921 - INFO - CPU usage normal: 0.0%
2026-02-24 16:30:45,921 - INFO - RAM usage normal: 48.7%
2026-02-24 16:30:58,536 - INFO - CPU usage normal: 0.0%
2026-02-24 16:30:58,537 - INFO - RAM usage normal: 48.2%
2026-02-24 16:31:09,779 - INFO - CPU usage normal: 0.0%
2026-02-24 16:31:09,779 - INFO - RAM usage normal: 48.2%
2026-02-24 16:32:02,148 - INFO - CPU usage normal: 0.0%
2026-02-24 16:32:02,148 - INFO - RAM usage normal: 47.9%
2026-02-24 16:33:33,065 - INFO - CPU usage normal: 0.0%
2026-02-24 16:33:33,065 - INFO - RAM usage normal: 48.2%
2026-02-24 16:34:26,084 - INFO - CPU usage normal: 14.4%
2026-02-24 16:34:26,084 - INFO - RAM usage normal: 48.5%
2026-02-24 16:34:39,567 - INFO - CPU usage normal: 12.7%
2026-02-24 16:34:39,567 - INFO - RAM usage normal: 48.3%
2026-02-24 16:35:26,588 - INFO - CPU usage normal: 11.1%
2026-02-24 16:35:26,588 - INFO - RAM usage normal: 47.7%
2026-02-24 16:38:32,536 - INFO - CPU usage normal: 17.7%
2026-02-24 16:38:32,537 - INFO - RAM usage normal: 47.6%
2026-02-24 16:38:44,714 - INFO - CPU usage normal: 12.7%
2026-02-24 16:38:44,714 - INFO - RAM usage normal: 47.6%
2026-02-24 16:39:22,919 - INFO - CPU usage normal: 14.6%
2026-02-24 16:39:22,919 - INFO - RAM usage normal: 48.0%
2026-02-24 16:48:49,924 - INFO - CPU usage normal: 17.0%
2026-02-24 16:48:49,924 - INFO - RAM usage normal: 48.4%
2026-02-24 16:49:31,858 - INFO - CPU usage normal: 9.9%
2026-02-24 16:49:31,858 - INFO - RAM usage normal: 49.1%
2026-02-24 16:49:40,981 - INFO - CPU usage normal: 12.7%
2026-02-24 16:49:40,981 - INFO - RAM usage normal: 49.2%
2026-02-24 16:50:24,638 - INFO - CPU usage normal: 15.0%
2026-02-24 16:50:24,638 - INFO - RAM usage normal: 48.1%
2026-02-24 16:50:24,718 - INFO - CPU usage normal: 15.5%
2026-02-24 16:50:24,718 - INFO - RAM usage normal: 48.2%
2026-02-24 16:50:29,868 - INFO - CPU usage normal: 13.6%
2026-02-24 16:50:29,868 - INFO - RAM usage normal: 48.3%
2026-02-24 16:50:30,449 - INFO - CPU usage normal: 15.7%
2026-02-24 16:50:30,449 - INFO - RAM usage normal: 48.3%
2026-02-24 16:50:38,627 - INFO - CPU usage normal: 13.6%
2026-02-24 16:50:38,627 - INFO - RAM usage normal: 48.3%
2026-02-24 16:50:41,682 - INFO - CPU usage normal: 16.2%
2026-02-24 16:50:41,682 - INFO - RAM usage normal: 48.7%
2026-02-24 16:50:48,920 - INFO - CPU usage normal: 13.5%
2026-02-24 16:50:48,920 - INFO - RAM usage normal: 49.0%
2026-02-24 16:51:21,422 - INFO - CPU usage normal: 10.6%
2026-02-24 16:51:21,422 - INFO - RAM usage normal: 48.9%
2026-02-24 16:51:22,966 - INFO - CPU usage normal: 9.8%
2026-02-24 16:51:22,966 - INFO - RAM usage normal: 48.9%
2026-02-24 16:51:24,198 - INFO - CPU usage normal: 14.1%
2026-02-24 16:51:24,198 - INFO - RAM usage normal: 49.1%
2026-02-24 16:51:30,708 - INFO - CPU usage normal: 8.3%
2026-02-24 16:51:30,709 - INFO - RAM usage normal: 48.3%
2026-02-24 16:51:31,069 - INFO - CPU usage normal: 16.0%
2026-02-24 16:51:31,069 - INFO - RAM usage normal: 48.4%
2026-02-24 16:51:34,068 - INFO - CPU usage normal: 9.1%
2026-02-24 16:51:34,068 - INFO - RAM usage normal: 48.3%
2026-02-24 16:51:41,563 - INFO - CPU usage normal: 7.3%
2026-02-24 16:51:41,563 - INFO - RAM usage normal: 48.2%
2026-02-24 16:52:01,386 - INFO - CPU usage normal: 11.4%
2026-02-24 16:52:01,386 - INFO - RAM usage normal: 48.3%
2026-02-24 16:52:01,518 - INFO - CPU usage normal: 8.3%
2026-02-24 16:52:01,518 - INFO - RAM usage normal: 48.3%
2026-02-24 16:52:07,346 - INFO - CPU usage normal: 16.1%
2026-02-24 16:52:07,346 - INFO - RAM usage normal: 48.3%
2026-02-24 16:52:09,865 - INFO - CPU usage normal: 8.5%
2026-02-24 16:52:09,865 - INFO - RAM usage normal: 48.4%
2026-02-24 16:52:18,791 - INFO - CPU usage normal: 12.5%
2026-02-24 16:52:18,791 - INFO - RAM usage normal: 48.9%
2026-02-24 16:52:31,829 - INFO - CPU usage normal: 9.9%
2026-02-24 16:52:31,829 - INFO - RAM usage normal: 48.7%
2026-02-24 16:52:57,959 - INFO - CPU usage normal: 10.4%
2026-02-24 16:52:57,960 - INFO - RAM usage normal: 49.0%
2026-02-24 16:53:10,975 - INFO - CPU usage normal: 4.0%
2026-02-24 16:53:10,975 - INFO - RAM usage normal: 48.6%
2026-02-24 16:53:18,383 - INFO - CPU usage normal: 0.8%
2026-02-24 16:53:18,383 - INFO - RAM usage normal: 48.6%
2026-02-24 16:53:40,509 - INFO - CPU usage normal: 0.8%
2026-02-24 16:53:40,510 - INFO - RAM usage normal: 48.3%
2026-02-24 16:53:48,928 - INFO - CPU usage normal: 2.3%
2026-02-24 16:53:48,929 - INFO - RAM usage normal: 48.3%
2026-02-24 16:53:53,527 - INFO - CPU usage normal: 0.8%
2026-02-24 16:53:53,527 - INFO - RAM usage normal: 48.3%
2026-02-24 16:53:59,357 - INFO - CPU usage normal: 1.5%
2026-02-24 16:53:59,357 - INFO - RAM usage normal: 48.3%
2026-02-24 16:54:06,614 - INFO - CPU usage normal: 2.1%
2026-02-24 16:54:06,614 - INFO - RAM usage normal: 48.3%
2026-02-24 16:54:33,755 - INFO - CPU usage normal: 10.7%
2026-02-24 16:54:33,755 - INFO - RAM usage normal: 49.1%
2026-02-24 16:55:11,991 - INFO - CPU usage normal: 5.2%
2026-02-24 16:55:11,991 - INFO - RAM usage normal: 49.0%
2026-02-24 16:55:38,453 - INFO - CPU usage normal: 9.0%
2026-02-24 16:55:38,453 - INFO - RAM usage normal: 49.3%
2026-02-24 16:55:43,972 - INFO - CPU usage normal: 9.2%
2026-02-24 16:55:43,972 - INFO - RAM usage normal: 49.6%
2026-02-24 16:55:54,844 - INFO - CPU usage normal: 7.0%
2026-02-24 16:55:54,845 - INFO - RAM usage normal: 48.6%
2026-02-24 16:56:28,170 - INFO - CPU usage normal: 10.3%
2026-02-24 16:56:28,170 - INFO - RAM usage normal: 48.5%
2026-02-24 16:56:28,339 - INFO - CPU usage normal: 12.1%
2026-02-24 16:56:28,339 - INFO - RAM usage normal: 48.5%
2026-02-24 16:56:34,682 - INFO - CPU usage normal: 15.8%
2026-02-24 16:56:34,682 - INFO - RAM usage normal: 48.6%
2026-02-24 16:56:39,482 - INFO - CPU usage normal: 15.2%
2026-02-24 16:56:39,482 - INFO - RAM usage normal: 48.6%
2026-02-24 16:56:50,071 - INFO - CPU usage normal: 0.3%
2026-02-24 16:56:50,071 - INFO - RAM usage normal: 49.0%
2026-02-24 16:56:59,798 - INFO - CPU usage normal: 0.8%
2026-02-24 16:56:59,798 - INFO - RAM usage normal: 48.5%
2026-02-24 16:57:10,169 - INFO - CPU usage normal: 2.6%
2026-02-24 16:57:10,169 - INFO - RAM usage normal: 48.6%
2026-02-24 16:57:36,498 - INFO - CPU usage normal: 5.8%
2026-02-24 16:57:36,498 - INFO - RAM usage normal: 48.5%
2026-02-24 16:57:55,997 - INFO - CPU usage normal: 5.7%
2026-02-24 16:57:55,997 - INFO - RAM usage normal: 48.9%
2026-02-24 16:58:08,961 - INFO - CPU usage normal: 0.5%
2026-02-24 16:58:08,961 - INFO - RAM usage normal: 48.3%
2026-02-24 17:06:51,260 - INFO - CPU usage normal: 12.9%
2026-02-24 17:06:51,260 - INFO - RAM usage normal: 43.4%
2026-02-24 17:07:02,460 - INFO - CPU usage normal: 21.7%
2026-02-24 17:07:02,460 - INFO - RAM usage normal: 43.6%
2026-02-24 17:07:02,796 - INFO - CPU usage normal: 13.9%
2026-02-24 17:07:02,796 - INFO - RAM usage normal: 43.6%
2026-02-24 17:08:08,592 - INFO - CPU usage normal: 10.7%
2026-02-24 17:08:08,593 - INFO - RAM usage normal: 44.9%
2026-02-24 17:08:09,205 - INFO - CPU usage normal: 16.9%
2026-02-24 17:08:09,205 - INFO - RAM usage normal: 45.1%
2026-02-24 17:08:20,098 - INFO - CPU usage normal: 13.5%
2026-02-24 17:08:20,098 - INFO - RAM usage normal: 45.1%
2026-02-24 17:08:20,395 - INFO - CPU usage normal: 5.7%
2026-02-24 17:08:20,395 - INFO - RAM usage normal: 45.1%
2026-02-24 17:08:25,512 - INFO - CPU usage normal: 7.5%
2026-02-24 17:08:25,512 - INFO - RAM usage normal: 45.1%
2026-02-24 17:08:32,397 - INFO - CPU usage normal: 26.7%
2026-02-24 17:08:32,397 - INFO - RAM usage normal: 45.8%
2026-02-24 17:08:38,993 - INFO - CPU usage normal: 3.1%
2026-02-24 17:08:38,993 - INFO - RAM usage normal: 45.0%
2026-02-24 17:08:44,662 - INFO - CPU usage normal: 4.3%
2026-02-24 17:08:44,662 - INFO - RAM usage normal: 45.0%
2026-02-24 17:08:49,228 - INFO - CPU usage normal: 7.3%
2026-02-24 17:08:49,229 - INFO - RAM usage normal: 45.0%
2026-02-24 17:08:55,258 - INFO - CPU usage normal: 6.2%
2026-02-24 17:08:55,258 - INFO - RAM usage normal: 45.0%
2026-02-24 17:08:59,274 - INFO - CPU usage normal: 3.4%
2026-02-24 17:08:59,274 - INFO - RAM usage normal: 45.1%
2026-02-24 17:09:04,720 - INFO - CPU usage normal: 7.7%
2026-02-24 17:09:04,720 - INFO - RAM usage normal: 45.1%
2026-02-24 17:09:09,611 - INFO - CPU usage normal: 6.5%
2026-02-24 17:09:09,611 - INFO - RAM usage normal: 45.0%
2026-02-24 17:09:15,962 - INFO - CPU usage normal: 10.8%
2026-02-24 17:09:15,962 - INFO - RAM usage normal: 45.0%
2026-02-24 17:09:21,577 - INFO - CPU usage normal: 10.1%
2026-02-24 17:09:21,577 - INFO - RAM usage normal: 45.0%
2026-02-24 17:09:24,932 - INFO - CPU usage normal: 3.4%
2026-02-24 17:09:24,932 - INFO - RAM usage normal: 45.1%
2026-02-24 17:09:30,685 - INFO - CPU usage normal: 4.1%
2026-02-24 17:09:30,685 - INFO - RAM usage normal: 45.1%
2026-02-24 17:09:34,958 - INFO - CPU usage normal: 7.5%
2026-02-24 17:09:34,958 - INFO - RAM usage normal: 45.1%
2026-02-24 17:09:40,007 - INFO - CPU usage normal: 3.1%
2026-02-24 17:09:40,007 - INFO - RAM usage normal: 45.0%
2026-02-24 17:09:45,178 - INFO - CPU usage normal: 8.9%
2026-02-24 17:09:45,179 - INFO - RAM usage normal: 45.7%
2026-02-24 17:09:50,604 - INFO - CPU usage normal: 6.5%
2026-02-24 17:09:50,604 - INFO - RAM usage normal: 45.1%
2026-02-24 17:09:59,988 - INFO - CPU usage normal: 15.1%
2026-02-24 17:09:59,988 - INFO - RAM usage normal: 46.1%
2026-02-24 17:10:05,834 - INFO - CPU usage normal: 3.7%
2026-02-24 17:10:05,834 - INFO - RAM usage normal: 45.3%
2026-02-24 17:10:10,385 - INFO - CPU usage normal: 11.1%
2026-02-24 17:10:10,385 - INFO - RAM usage normal: 45.7%
2026-02-24 17:10:21,197 - INFO - CPU usage normal: 10.1%
2026-02-24 17:10:21,197 - INFO - RAM usage normal: 45.9%
2026-02-24 17:10:25,544 - INFO - CPU usage normal: 12.3%
2026-02-24 17:10:25,545 - INFO - RAM usage normal: 46.4%
2026-02-24 17:10:29,857 - INFO - CPU usage normal: 12.2%
2026-02-24 17:10:29,857 - INFO - RAM usage normal: 46.9%
2026-02-24 17:10:34,895 - INFO - CPU usage normal: 7.5%
2026-02-24 17:10:34,895 - INFO - RAM usage normal: 45.6%
2026-02-24 17:10:39,857 - INFO - CPU usage normal: 11.8%
2026-02-24 17:10:39,857 - INFO - RAM usage normal: 46.1%
2026-02-24 17:10:45,442 - INFO - CPU usage normal: 5.8%
2026-02-24 17:10:45,442 - INFO - RAM usage normal: 45.6%
2026-02-24 17:10:51,103 - INFO - CPU usage normal: 6.3%
2026-02-24 17:10:51,103 - INFO - RAM usage normal: 45.5%
2026-02-24 17:10:56,146 - INFO - CPU usage normal: 1.1%
2026-02-24 17:10:56,146 - INFO - RAM usage normal: 45.5%
2026-02-24 17:11:02,315 - INFO - CPU usage normal: 13.8%
2026-02-24 17:11:02,315 - INFO - RAM usage normal: 46.1%
2026-02-24 17:11:05,848 - INFO - CPU usage normal: 6.2%
2026-02-24 17:11:05,848 - INFO - RAM usage normal: 45.5%
2026-02-24 17:11:10,985 - INFO - CPU usage normal: 10.4%
2026-02-24 17:11:10,985 - INFO - RAM usage normal: 45.5%
2026-02-24 17:11:14,343 - INFO - CPU usage normal: 4.4%
2026-02-24 17:11:14,344 - INFO - RAM usage normal: 45.7%
2026-02-24 17:11:21,589 - INFO - CPU usage normal: 7.5%
2026-02-24 17:11:21,589 - INFO - RAM usage normal: 45.9%
2026-02-24 17:11:28,026 - INFO - CPU usage normal: 5.9%
2026-02-24 17:11:28,026 - INFO - RAM usage normal: 46.3%
2026-02-24 17:11:32,274 - INFO - CPU usage normal: 14.0%
2026-02-24 17:11:32,274 - INFO - RAM usage normal: 46.4%
2026-02-24 17:11:36,901 - INFO - CPU usage normal: 15.7%
2026-02-24 17:11:36,901 - INFO - RAM usage normal: 46.4%
2026-02-24 17:11:42,469 - INFO - CPU usage normal: 10.8%
2026-02-24 17:11:42,469 - INFO - RAM usage normal: 46.4%
2026-02-24 17:11:45,889 - INFO - CPU usage normal: 8.3%
2026-02-24 17:11:45,889 - INFO - RAM usage normal: 46.4%
2026-02-24 17:11:57,468 - INFO - CPU usage normal: 17.0%
2026-02-24 17:11:57,468 - INFO - RAM usage normal: 45.4%
2026-02-24 17:11:59,733 - INFO - CPU usage normal: 16.3%
2026-02-24 17:11:59,733 - INFO - RAM usage normal: 45.9%
2026-02-24 17:12:08,105 - INFO - CPU usage normal: 12.4%
2026-02-24 17:12:08,105 - INFO - RAM usage normal: 45.4%
2026-02-24 17:12:11,093 - INFO - CPU usage normal: 2.1%
2026-02-24 17:12:11,093 - INFO - RAM usage normal: 45.4%
2026-02-24 17:12:23,418 - INFO - CPU usage normal: 1.8%
2026-02-24 17:12:23,418 - INFO - RAM usage normal: 45.3%
2026-02-24 17:12:29,260 - INFO - CPU usage normal: 15.0%
2026-02-24 17:12:29,261 - INFO - RAM usage normal: 46.1%
2026-02-24 17:12:34,193 - INFO - CPU usage normal: 10.1%
2026-02-24 17:12:34,193 - INFO - RAM usage normal: 45.8%
2026-02-24 17:12:39,527 - INFO - CPU usage normal: 11.4%
2026-02-24 17:12:39,527 - INFO - RAM usage normal: 46.4%
2026-02-24 17:12:43,485 - INFO - CPU usage normal: 5.9%
2026-02-24 17:12:43,485 - INFO - RAM usage normal: 46.4%
2026-02-24 17:12:48,310 - INFO - CPU usage normal: 16.1%
2026-02-24 17:12:48,310 - INFO - RAM usage normal: 46.5%
2026-02-24 17:12:54,438 - INFO - CPU usage normal: 6.6%
2026-02-24 17:12:54,439 - INFO - RAM usage normal: 45.4%
2026-02-24 17:13:00,173 - INFO - CPU usage normal: 5.0%
2026-02-24 17:13:00,174 - INFO - RAM usage normal: 45.5%
2026-02-24 17:13:06,721 - INFO - CPU usage normal: 2.9%
2026-02-24 17:13:06,721 - INFO - RAM usage normal: 45.5%
2026-02-24 17:13:13,061 - INFO - CPU usage normal: 1.3%
2026-02-24 17:13:13,061 - INFO - RAM usage normal: 45.4%
2026-02-24 17:13:22,680 - INFO - CPU usage normal: 11.9%
2026-02-24 17:13:22,681 - INFO - RAM usage normal: 45.5%
